<?xml version="1.0" encoding="utf-8"?><testsuites name="pytest tests"><testsuite name="pytest" errors="0" failures="0" skipped="0" tests="19" time="5.682" timestamp="2026-04-23T04:34:08.772810+00:00" hostname="agent-env-02a6373e-133a-4b4e-8d7e-b818e275ca5b"><testcase classname="tests.backend_test" name="test_root" time="0.178" /><testcase classname="tests.backend_test" name="test_staff_create_get_filter[officer-PI]" time="0.207" /><testcase classname="tests.backend_test" name="test_staff_create_get_filter[amaldar-HC]" time="0.299" /><testcase classname="tests.backend_test" name="test_staff_create_get_filter[home_guard-Home Guard]" time="0.199" /><testcase classname="tests.backend_test" name="test_staff_duplicate_bakkal" time="0.096" /><testcase classname="tests.backend_test" name="test_staff_update_delete" time="0.238" /><testcase classname="tests.backend_test" name="test_staff_template_download[officer]" time="0.054" /><testcase classname="tests.backend_test" name="test_staff_template_download[amaldar]" time="0.049" /><testcase classname="tests.backend_test" name="test_staff_template_download[home_guard]" time="0.048" /><testcase classname="tests.backend_test" name="test_staff_import" time="0.334" /><testcase classname="tests.backend_test" name="test_full_bandobast_flow" time="1.343" /><testcase classname="tests.backend_test" name="test_404s" time="0.145" /><testcase classname="tests.backend_test" name="test_redeploy" time="0.337" /><testcase classname="tests.backend_test" name="test_out_district_staff_flow" time="0.564" /><testcase classname="tests.backend_test" name="test_officer_no_bakkal" time="0.140" /><testcase classname="tests.backend_test" name="test_amaldar_requires_bakkal" time="0.047" /><testcase classname="tests.backend_test" name="test_points_template_and_import" time="0.345" /><testcase classname="tests.backend_test" name="test_equipment_assignments" time="0.279" /><testcase classname="tests.backend_test" name="test_staff_wise_export" time="0.677" /></testsuite></testsuites>