<?xml version="1.0" encoding="utf-8"?><testsuites name="pytest tests"><testsuite name="pytest" errors="0" failures="0" skipped="0" tests="12" time="4.033" timestamp="2026-04-22T10:38:27.426166+00:00" hostname="agent-env-02a6373e-133a-4b4e-8d7e-b818e275ca5b"><testcase classname="backend.tests.backend_test" name="test_root" time="0.844" /><testcase classname="backend.tests.backend_test" name="test_staff_create_get_filter[officer-PI]" time="0.228" /><testcase classname="backend.tests.backend_test" name="test_staff_create_get_filter[amaldar-HC]" time="0.183" /><testcase classname="backend.tests.backend_test" name="test_staff_create_get_filter[home_guard-Home Guard]" time="0.209" /><testcase classname="backend.tests.backend_test" name="test_staff_duplicate_bakkal" time="0.123" /><testcase classname="backend.tests.backend_test" name="test_staff_update_delete" time="0.285" /><testcase classname="backend.tests.backend_test" name="test_staff_template_download[officer]" time="0.053" /><testcase classname="backend.tests.backend_test" name="test_staff_template_download[amaldar]" time="0.046" /><testcase classname="backend.tests.backend_test" name="test_staff_template_download[home_guard]" time="0.061" /><testcase classname="backend.tests.backend_test" name="test_staff_import" time="0.246" /><testcase classname="backend.tests.backend_test" name="test_full_bandobast_flow" time="1.217" /><testcase classname="backend.tests.backend_test" name="test_404s" time="0.402" /></testsuite></testsuites>